{
  "0 debug pnpm:scope": {
    "selected": 1
  },
  "1 debug pnpm:package-manifest": {
    "initial": {
      "name": "nextjs-template",
      "version": "0.1.0",
      "private": true,
      "scripts": {
        "dev": "next dev",
        "build": "next build",
        "start": "next start",
        "lint": "next lint"
      },
      "dependencies": {
        "@chakra-ui/react": "^1.6.7",
        "@emotion/react": "^11",
        "@emotion/styled": "^11",
        "@lit-labs/react": "^1.0.0-rc.4",
        "@material/mwc-button": "^0.23.0",
        "@okra-ui/gradient-text": "^0.0.7",
        "@okra-ui/string-to-dom": "^0.0.7",
        "framer-motion": "^4",
        "gray-matter": "^4.0.3",
        "next": "11.1.2",
        "react": "17.0.2",
        "react-dom": "17.0.2",
        "recoil": "^0.4.1",
        "remark": "^14.0.1",
        "remark-html": "^14.0.1"
      },
      "devDependencies": {
        "@types/node": "^16.9.2",
        "@types/react": "^17.0.21",
        "@types/react-dom": "^17.0.9",
        "@typescript-eslint/eslint-plugin": "^4.31.1",
        "@typescript-eslint/parser": "^4.31.1",
        "eslint": "^7.32.0",
        "eslint-config-next": "11.1.2",
        "eslint-config-prettier": "^8.3.0",
        "eslint-plugin-react": "^7.25.2",
        "eslint-plugin-react-hooks": "^4.2.0",
        "prettier": "^2.4.1",
        "sanitize.css": "^13.0.0",
        "sass": "^1.41.1",
        "typescript": "^4.4.3"
      }
    },
    "prefix": "/Users/esh2n/go/github.com/esh2n/esh2n.dev"
  },
  "2 debug pnpm:context": {
    "currentLockfileExists": false,
    "storeDir": "/Users/esh2n/.pnpm-store/v3",
    "virtualStoreDir": "/Users/esh2n/go/github.com/esh2n/esh2n.dev/node_modules/.pnpm"
  },
  "3 debug pnpm:stage": {
    "prefix": "/Users/esh2n/go/github.com/esh2n/esh2n.dev",
    "stage": "resolution_started"
  },
  "4 debug pnpm:_dependency_resolved": {
    "resolution": "registry.npmjs.org/eslint-config-next/11.1.2",
    "wanted": {
      "dependentId": ".",
      "name": "eslint-config-next",
      "rawSpec": "11.1.2"
    }
  },
  "5 debug pnpm:progress": {
    "packageId": "registry.npmjs.org/eslint-config-next/11.1.2",
    "requester": "/Users/esh2n/go/github.com/esh2n/esh2n.dev",
    "status": "resolved"
  },
  "6 debug pnpm:progress": {
    "packageId": "registry.npmjs.org/eslint-config-next/11.1.2",
    "requester": "/Users/esh2n/go/github.com/esh2n/esh2n.dev",
    "status": "found_in_store"
  },
  "7 debug pnpm:_dependency_resolved": {
    "resolution": "registry.npmjs.org/sanitize.css/13.0.0",
    "wanted": {
      "dependentId": ".",
      "name": "sanitize.css",
      "rawSpec": "^13.0.0"
    }
  },
  "8 debug pnpm:progress": {
    "packageId": "registry.npmjs.org/sanitize.css/13.0.0",
    "requester": "/Users/esh2n/go/github.com/esh2n/esh2n.dev",
    "status": "resolved"
  },
  "9 debug pnpm:progress": {
    "packageId": "registry.npmjs.org/sanitize.css/13.0.0",
    "requester": "/Users/esh2n/go/github.com/esh2n/esh2n.dev",
    "status": "found_in_store"
  },
  "10 debug pnpm:_dependency_resolved": {
    "resolution": "registry.npmjs.org/eslint-plugin-react/7.26.0",
    "wanted": {
      "dependentId": ".",
      "name": "eslint-plugin-react",
      "rawSpec": "^7.25.2"
    }
  },
  "11 debug pnpm:progress": {
    "packageId": "registry.npmjs.org/eslint-plugin-react/7.26.0",
    "requester": "/Users/esh2n/go/github.com/esh2n/esh2n.dev",
    "status": "resolved"
  },
  "12 debug pnpm:progress": {
    "packageId": "registry.npmjs.org/eslint-plugin-react/7.26.0",
    "requester": "/Users/esh2n/go/github.com/esh2n/esh2n.dev",
    "status": "found_in_store"
  },
  "13 debug pnpm:_dependency_resolved": {
    "resolution": "registry.npmjs.org/prettier/2.4.1",
    "wanted": {
      "dependentId": ".",
      "name": "prettier",
      "rawSpec": "^2.4.1"
    }
  },
  "14 debug pnpm:progress": {
    "packageId": "registry.npmjs.org/prettier/2.4.1",
    "requester": "/Users/esh2n/go/github.com/esh2n/esh2n.dev",
    "status": "resolved"
  },
  "15 debug pnpm:progress": {
    "packageId": "registry.npmjs.org/prettier/2.4.1",
    "requester": "/Users/esh2n/go/github.com/esh2n/esh2n.dev",
    "status": "found_in_store"
  },
  "16 debug pnpm:_dependency_resolved": {
    "resolution": "registry.npmjs.org/eslint-config-prettier/8.3.0",
    "wanted": {
      "dependentId": ".",
      "name": "eslint-config-prettier",
      "rawSpec": "^8.3.0"
    }
  },
  "17 debug pnpm:progress": {
    "packageId": "registry.npmjs.org/eslint-config-prettier/8.3.0",
    "requester": "/Users/esh2n/go/github.com/esh2n/esh2n.dev",
    "status": "resolved"
  },
  "18 debug pnpm:_dependency_resolved": {
    "resolution": "registry.npmjs.org/@types/react/17.0.22",
    "wanted": {
      "dependentId": ".",
      "name": "@types/react",
      "rawSpec": "^17.0.21"
    }
  },
  "19 debug pnpm:progress": {
    "packageId": "registry.npmjs.org/@types/react/17.0.22",
    "requester": "/Users/esh2n/go/github.com/esh2n/esh2n.dev",
    "status": "resolved"
  },
  "20 debug pnpm:progress": {
    "packageId": "registry.npmjs.org/eslint-config-prettier/8.3.0",
    "requester": "/Users/esh2n/go/github.com/esh2n/esh2n.dev",
    "status": "found_in_store"
  },
  "21 debug pnpm:progress": {
    "packageId": "registry.npmjs.org/@types/react/17.0.22",
    "requester": "/Users/esh2n/go/github.com/esh2n/esh2n.dev",
    "status": "found_in_store"
  },
  "22 debug pnpm:_dependency_resolved": {
    "resolution": "registry.npmjs.org/@types/node/16.9.4",
    "wanted": {
      "dependentId": ".",
      "name": "@types/node",
      "rawSpec": "^16.9.2"
    }
  },
  "23 debug pnpm:progress": {
    "packageId": "registry.npmjs.org/@types/node/16.9.4",
    "requester": "/Users/esh2n/go/github.com/esh2n/esh2n.dev",
    "status": "resolved"
  },
  "24 debug pnpm:_dependency_resolved": {
    "resolution": "registry.npmjs.org/eslint/7.32.0",
    "wanted": {
      "dependentId": ".",
      "name": "eslint",
      "rawSpec": "^7.32.0"
    }
  },
  "25 debug pnpm:progress": {
    "packageId": "registry.npmjs.org/eslint/7.32.0",
    "requester": "/Users/esh2n/go/github.com/esh2n/esh2n.dev",
    "status": "resolved"
  },
  "26 debug pnpm:_dependency_resolved": {
    "resolution": "registry.npmjs.org/eslint-plugin-react-hooks/4.2.0",
    "wanted": {
      "dependentId": ".",
      "name": "eslint-plugin-react-hooks",
      "rawSpec": "^4.2.0"
    }
  },
  "27 debug pnpm:progress": {
    "packageId": "registry.npmjs.org/eslint-plugin-react-hooks/4.2.0",
    "requester": "/Users/esh2n/go/github.com/esh2n/esh2n.dev",
    "status": "resolved"
  },
  "28 debug pnpm:_dependency_resolved": {
    "resolution": "registry.npmjs.org/@emotion/styled/11.3.0",
    "wanted": {
      "dependentId": ".",
      "name": "@emotion/styled",
      "rawSpec": "^11"
    }
  },
  "29 debug pnpm:progress": {
    "packageId": "registry.npmjs.org/@emotion/styled/11.3.0",
    "requester": "/Users/esh2n/go/github.com/esh2n/esh2n.dev",
    "status": "resolved"
  },
  "30 debug pnpm:progress": {
    "packageId": "registry.npmjs.org/@types/node/16.9.4",
    "requester": "/Users/esh2n/go/github.com/esh2n/esh2n.dev",
    "status": "found_in_store"
  },
  "31 debug pnpm:_dependency_resolved": {
    "resolution": "registry.npmjs.org/react/17.0.2",
    "wanted": {
      "dependentId": ".",
      "name": "react",
      "rawSpec": "17.0.2"
    }
  },
  "32 debug pnpm:progress": {
    "packageId": "registry.npmjs.org/react/17.0.2",
    "requester": "/Users/esh2n/go/github.com/esh2n/esh2n.dev",
    "status": "resolved"
  },
  "33 debug pnpm:_dependency_resolved": {
    "resolution": "registry.npmjs.org/react-dom/17.0.2",
    "wanted": {
      "dependentId": ".",
      "name": "react-dom",
      "rawSpec": "17.0.2"
    }
  },
  "34 debug pnpm:progress": {
    "packageId": "registry.npmjs.org/react-dom/17.0.2",
    "requester": "/Users/esh2n/go/github.com/esh2n/esh2n.dev",
    "status": "resolved"
  },
  "35 debug pnpm:_dependency_resolved": {
    "resolution": "registry.npmjs.org/next/11.1.2",
    "wanted": {
      "dependentId": ".",
      "name": "next",
      "rawSpec": "11.1.2"
    }
  },
  "36 debug pnpm:progress": {
    "packageId": "registry.npmjs.org/next/11.1.2",
    "requester": "/Users/esh2n/go/github.com/esh2n/esh2n.dev",
    "status": "resolved"
  },
  "37 debug pnpm:_dependency_resolved": {
    "resolution": "registry.npmjs.org/sass/1.42.0",
    "wanted": {
      "dependentId": ".",
      "name": "sass",
      "rawSpec": "^1.41.1"
    }
  },
  "38 debug pnpm:progress": {
    "packageId": "registry.npmjs.org/sass/1.42.0",
    "requester": "/Users/esh2n/go/github.com/esh2n/esh2n.dev",
    "status": "resolved"
  },
  "39 debug pnpm:_dependency_resolved": {
    "resolution": "registry.npmjs.org/recoil/0.4.1",
    "wanted": {
      "dependentId": ".",
      "name": "recoil",
      "rawSpec": "^0.4.1"
    }
  },
  "40 debug pnpm:progress": {
    "packageId": "registry.npmjs.org/recoil/0.4.1",
    "requester": "/Users/esh2n/go/github.com/esh2n/esh2n.dev",
    "status": "resolved"
  },
  "41 debug pnpm:_dependency_resolved": {
    "resolution": "registry.npmjs.org/remark/14.0.1",
    "wanted": {
      "dependentId": ".",
      "name": "remark",
      "rawSpec": "^14.0.1"
    }
  },
  "42 debug pnpm:progress": {
    "packageId": "registry.npmjs.org/remark/14.0.1",
    "requester": "/Users/esh2n/go/github.com/esh2n/esh2n.dev",
    "status": "resolved"
  },
  "43 debug pnpm:progress": {
    "packageId": "registry.npmjs.org/eslint/7.32.0",
    "requester": "/Users/esh2n/go/github.com/esh2n/esh2n.dev",
    "status": "found_in_store"
  },
  "44 debug pnpm:progress": {
    "packageId": "registry.npmjs.org/eslint-plugin-react-hooks/4.2.0",
    "requester": "/Users/esh2n/go/github.com/esh2n/esh2n.dev",
    "status": "found_in_store"
  },
  "45 debug pnpm:progress": {
    "packageId": "registry.npmjs.org/@emotion/styled/11.3.0",
    "requester": "/Users/esh2n/go/github.com/esh2n/esh2n.dev",
    "status": "found_in_store"
  },
  "46 debug pnpm:_dependency_resolved": {
    "resolution": "registry.npmjs.org/@emotion/react/11.4.1",
    "wanted": {
      "dependentId": ".",
      "name": "@emotion/react",
      "rawSpec": "^11"
    }
  },
  "47 debug pnpm:progress": {
    "packageId": "registry.npmjs.org/@emotion/react/11.4.1",
    "requester": "/Users/esh2n/go/github.com/esh2n/esh2n.dev",
    "status": "resolved"
  },
  "48 debug pnpm:progress": {
    "packageId": "registry.npmjs.org/react/17.0.2",
    "requester": "/Users/esh2n/go/github.com/esh2n/esh2n.dev",
    "status": "found_in_store"
  },
  "49 debug pnpm:progress": {
    "packageId": "registry.npmjs.org/react-dom/17.0.2",
    "requester": "/Users/esh2n/go/github.com/esh2n/esh2n.dev",
    "status": "found_in_store"
  },
  "50 debug pnpm:progress": {
    "packageId": "registry.npmjs.org/next/11.1.2",
    "requester": "/Users/esh2n/go/github.com/esh2n/esh2n.dev",
    "status": "found_in_store"
  },
  "51 debug pnpm:progress": {
    "packageId": "registry.npmjs.org/sass/1.42.0",
    "requester": "/Users/esh2n/go/github.com/esh2n/esh2n.dev",
    "status": "found_in_store"
  },
  "52 debug pnpm:progress": {
    "packageId": "registry.npmjs.org/recoil/0.4.1",
    "requester": "/Users/esh2n/go/github.com/esh2n/esh2n.dev",
    "status": "found_in_store"
  },
  "53 debug pnpm:progress": {
    "packageId": "registry.npmjs.org/remark/14.0.1",
    "requester": "/Users/esh2n/go/github.com/esh2n/esh2n.dev",
    "status": "found_in_store"
  },
  "54 debug pnpm:progress": {
    "packageId": "registry.npmjs.org/@emotion/react/11.4.1",
    "requester": "/Users/esh2n/go/github.com/esh2n/esh2n.dev",
    "status": "found_in_store"
  },
  "55 debug pnpm:_dependency_resolved": {
    "resolution": "registry.npmjs.org/gray-matter/4.0.3",
    "wanted": {
      "dependentId": ".",
      "name": "gray-matter",
      "rawSpec": "^4.0.3"
    }
  },
  "56 debug pnpm:progress": {
    "packageId": "registry.npmjs.org/gray-matter/4.0.3",
    "requester": "/Users/esh2n/go/github.com/esh2n/esh2n.dev",
    "status": "resolved"
  },
  "57 debug pnpm:progress": {
    "packageId": "registry.npmjs.org/gray-matter/4.0.3",
    "requester": "/Users/esh2n/go/github.com/esh2n/esh2n.dev",
    "status": "found_in_store"
  },
  "58 debug pnpm:_dependency_resolved": {
    "resolution": "registry.npmjs.org/@lit-labs/react/1.0.0",
    "wanted": {
      "dependentId": ".",
      "name": "@lit-labs/react",
      "rawSpec": "^1.0.0-rc.4"
    }
  },
  "59 debug pnpm:progress": {
    "packageId": "registry.npmjs.org/@lit-labs/react/1.0.0",
    "requester": "/Users/esh2n/go/github.com/esh2n/esh2n.dev",
    "status": "resolved"
  },
  "60 debug pnpm:progress": {
    "packageId": "registry.npmjs.org/@lit-labs/react/1.0.0",
    "requester": "/Users/esh2n/go/github.com/esh2n/esh2n.dev",
    "status": "found_in_store"
  },
  "61 debug pnpm:_dependency_resolved": {
    "resolution": "registry.npmjs.org/remark-html/14.0.1",
    "wanted": {
      "dependentId": ".",
      "name": "remark-html",
      "rawSpec": "^14.0.1"
    }
  },
  "62 debug pnpm:progress": {
    "packageId": "registry.npmjs.org/remark-html/14.0.1",
    "requester": "/Users/esh2n/go/github.com/esh2n/esh2n.dev",
    "status": "resolved"
  },
  "63 debug pnpm:progress": {
    "packageId": "registry.npmjs.org/remark-html/14.0.1",
    "requester": "/Users/esh2n/go/github.com/esh2n/esh2n.dev",
    "status": "found_in_store"
  },
  "64 debug pnpm:_dependency_resolved": {
    "resolution": "registry.npmjs.org/@types/react-dom/17.0.9",
    "wanted": {
      "dependentId": ".",
      "name": "@types/react-dom",
      "rawSpec": "^17.0.9"
    }
  },
  "65 debug pnpm:progress": {
    "packageId": "registry.npmjs.org/@types/react-dom/17.0.9",
    "requester": "/Users/esh2n/go/github.com/esh2n/esh2n.dev",
    "status": "resolved"
  },
  "66 debug pnpm:progress": {
    "packageId": "registry.npmjs.org/@types/react-dom/17.0.9",
    "requester": "/Users/esh2n/go/github.com/esh2n/esh2n.dev",
    "status": "found_in_store"
  },
  "67 debug pnpm:_dependency_resolved": {
    "resolution": "registry.npmjs.org/@chakra-ui/react/1.6.8",
    "wanted": {
      "dependentId": ".",
      "name": "@chakra-ui/react",
      "rawSpec": "^1.6.7"
    }
  },
  "68 debug pnpm:progress": {
    "packageId": "registry.npmjs.org/@chakra-ui/react/1.6.8",
    "requester": "/Users/esh2n/go/github.com/esh2n/esh2n.dev",
    "status": "resolved"
  },
  "69 debug pnpm:progress": {
    "packageId": "registry.npmjs.org/@chakra-ui/react/1.6.8",
    "requester": "/Users/esh2n/go/github.com/esh2n/esh2n.dev",
    "status": "found_in_store"
  },
  "70 debug pnpm:_dependency_resolved": {
    "resolution": "registry.npmjs.org/framer-motion/4.1.17",
    "wanted": {
      "dependentId": ".",
      "name": "framer-motion",
      "rawSpec": "^4"
    }
  },
  "71 debug pnpm:progress": {
    "packageId": "registry.npmjs.org/framer-motion/4.1.17",
    "requester": "/Users/esh2n/go/github.com/esh2n/esh2n.dev",
    "status": "resolved"
  },
  "72 debug pnpm:_dependency_resolved": {
    "resolution": "registry.npmjs.org/@okra-ui/gradient-text/0.0.7",
    "wanted": {
      "dependentId": ".",
      "name": "@okra-ui/gradient-text",
      "rawSpec": "^0.0.7"
    }
  },
  "73 debug pnpm:progress": {
    "packageId": "registry.npmjs.org/@okra-ui/gradient-text/0.0.7",
    "requester": "/Users/esh2n/go/github.com/esh2n/esh2n.dev",
    "status": "resolved"
  },
  "74 debug pnpm:progress": {
    "packageId": "registry.npmjs.org/framer-motion/4.1.17",
    "requester": "/Users/esh2n/go/github.com/esh2n/esh2n.dev",
    "status": "found_in_store"
  },
  "75 debug pnpm:_dependency_resolved": {
    "resolution": "registry.npmjs.org/@typescript-eslint/parser/4.31.2",
    "wanted": {
      "dependentId": ".",
      "name": "@typescript-eslint/parser",
      "rawSpec": "^4.31.1"
    }
  },
  "76 debug pnpm:progress": {
    "packageId": "registry.npmjs.org/@typescript-eslint/parser/4.31.2",
    "requester": "/Users/esh2n/go/github.com/esh2n/esh2n.dev",
    "status": "resolved"
  },
  "77 debug pnpm:progress": {
    "packageId": "registry.npmjs.org/@typescript-eslint/parser/4.31.2",
    "requester": "/Users/esh2n/go/github.com/esh2n/esh2n.dev",
    "status": "found_in_store"
  },
  "78 error pnpm": {
    "code": "ERR_PNPM_NO_MATCHING_VERSION",
    "packageMeta": {
      "name": "@okra-ui/string-to-dom",
      "dist-tags": {
        "latest": "0.0.6"
      },
      "versions": {
        "0.0.4": {
          "name": "@okra-ui/string-to-dom",
          "version": "0.0.4",
          "dependencies": {
            "lit": "^2.0.0-rc.4"
          },
          "dist": {
            "integrity": "sha512-lnuOxTSlEMj0TrAfEVGnqRa2/cvPerezo8pcHHIKn5aOGF7029i8dFfOhwiWf1hm+Dc3+qWSJqaF3wLwc+1ZxA==",
            "shasum": "c626b3e562020c0cceab44c73a1b846a45dfc4eb",
            "tarball": "https://registry.npmjs.org/@okra-ui/string-to-dom/-/string-to-dom-0.0.4.tgz",
            "fileCount": 5,
            "unpackedSize": 1251
          }
        },
        "0.0.5": {
          "name": "@okra-ui/string-to-dom",
          "version": "0.0.5",
          "dependencies": {
            "lit": "^2.0.0-rc.4"
          },
          "dist": {
            "integrity": "sha512-vUcY+9iYIdH0E/Cl8G4NmqjDvR6++mqTm6MyH7y3bgD7vvGLCVTdc115zLxiCmAbnpvcBTvmtRoRY7FJrm8oUA==",
            "shasum": "6a95831e6a463c0f22a5834ffea9491a86a98db4",
            "tarball": "https://registry.npmjs.org/@okra-ui/string-to-dom/-/string-to-dom-0.0.5.tgz",
            "fileCount": 12,
            "unpackedSize": 11857
          }
        },
        "0.0.6": {
          "name": "@okra-ui/string-to-dom",
          "version": "0.0.6",
          "dependencies": {
            "lit": "^2.0.0-rc.4"
          },
          "dist": {
            "integrity": "sha512-+dDTyPSJKqKtydHZvyGx3J+PhNY9jHOS/x6Z+63UItpa3+jhgPYCHlMUCy0vXUq0HTjEGyG/8Ox1xaM5LzWvNA==",
            "shasum": "35889dc099f844e6599b308eef25da2681535d25",
            "tarball": "https://registry.npmjs.org/@okra-ui/string-to-dom/-/string-to-dom-0.0.6.tgz",
            "fileCount": 12,
            "unpackedSize": 12789
          }
        }
      },
      "modified": "2021-09-21T02:59:25.046Z",
      "cachedAt": 1632204046233
    },
    "pkgsStack": [],
    "err": {
      "name": "pnpm",
      "message": "No matching version found for @okra-ui/string-to-dom@^0.0.7",
      "code": "ERR_PNPM_NO_MATCHING_VERSION",
      "stack": "pnpm: No matching version found for @okra-ui/string-to-dom@^0.0.7\n    at resolveNpm (/snapshot/dist/pnpm.cjs)\n    at runMicrotasks (<anonymous>)\n    at processTicksAndRejections (internal/process/task_queues.js:95:5)\n    at async Object.resolve (/snapshot/dist/pnpm.cjs)\n    at async run (/snapshot/dist/pnpm.cjs)"
    }
  }
}